<?xml version="1.0" encoding="UTF-8"?>
<!-- Generated by org.testng.reporters.JUnitReportReporter -->
<testsuite skipped="0" hostname="LTA1SKIVA4" name="testcase.Miscellaneous" tests="5" failures="0" timestamp="13 May 2019 09:23:42 GMT" time="323.268" errors="0">
  <testcase name="goAndEntityRegistrationPage" time="2.707" classname="testcase.Miscellaneous"/>
  <testcase name="loginTitle" time="0.018" classname="testcase.Miscellaneous"/>
  <testcase name="logo" time="0.157" classname="testcase.Miscellaneous"/>
  <testcase name="goAndBackToUserRegistrationPage" time="5.318" classname="testcase.Miscellaneous"/>
  <testcase name="forget_reset_Password" time="315.068" classname="testcase.Miscellaneous"/>
</testsuite> <!-- testcase.Miscellaneous -->
