<?xml version="1.0" encoding="UTF-8"?>
<!-- Generated by org.testng.reporters.JUnitReportReporter -->
<testsuite skipped="0" hostname="LTA1SKIVA4" name="testcase.EntityRegistrationFormTestCase" tests="1" failures="0" timestamp="07 May 2019 07:59:57 GMT" time="37.563" errors="0">
  <testcase name="createEntityRegistrationForm" time="37.563" classname="testcase.EntityRegistrationFormTestCase"/>
</testsuite> <!-- testcase.EntityRegistrationFormTestCase -->
